S:\MAYAWORKINGCOPY\277REPO\MINIMAYA\3DVIEWER.EXE
S:\mayaWorkingCopy\277repo\minimaya\3DViewer.pdb
S:\MAYAWORKINGCOPY\277REPO\MINIMAYA\3DVIEWER\GENERATEDFILES\QRC_STARTERCODE.CPP
S:\MAYAWORKINGCOPY\277REPO\MINIMAYA\3DVIEWER\GENERATEDFILES\RELEASE\MOC_MY3DVIEWER.CPP
S:\MAYAWORKINGCOPY\277REPO\MINIMAYA\3DVIEWER\GENERATEDFILES\RELEASE\MOC_MYGLWIDGET.CPP
S:\MAYAWORKINGCOPY\277REPO\MINIMAYA\3DVIEWER\GENERATEDFILES\UI_MY3DVIEWER.H
S:\MAYAWORKINGCOPY\277REPO\MINIMAYA\3DVIEWER\RELEASE\3DVIEWER.EXE.INTERMEDIATE.MANIFEST
S:\mayaWorkingCopy\277repo\minimaya\3DViewer\Release\cl.command.1.tlog
S:\mayaWorkingCopy\277repo\minimaya\3DViewer\Release\CL.read.1.tlog
S:\mayaWorkingCopy\277repo\minimaya\3DViewer\Release\CL.write.1.tlog
S:\mayaWorkingCopy\277repo\minimaya\3DViewer\Release\custombuild.command.1.tlog
S:\mayaWorkingCopy\277repo\minimaya\3DViewer\Release\custombuild.read.1.tlog
S:\mayaWorkingCopy\277repo\minimaya\3DViewer\Release\custombuild.write.1.tlog
S:\MAYAWORKINGCOPY\277REPO\MINIMAYA\3DVIEWER\RELEASE\FACE.OBJ
S:\MAYAWORKINGCOPY\277REPO\MINIMAYA\3DVIEWER\RELEASE\GLEW.OBJ
S:\MAYAWORKINGCOPY\277REPO\MINIMAYA\3DVIEWER\RELEASE\HALFEDGE.OBJ
S:\mayaWorkingCopy\277repo\minimaya\3DViewer\Release\link.command.1.tlog
S:\mayaWorkingCopy\277repo\minimaya\3DViewer\Release\link.read.1.tlog
S:\mayaWorkingCopy\277repo\minimaya\3DViewer\Release\link.write.1.tlog
S:\MAYAWORKINGCOPY\277REPO\MINIMAYA\3DVIEWER\RELEASE\MAIN.OBJ
S:\MAYAWORKINGCOPY\277REPO\MINIMAYA\3DVIEWER\RELEASE\MESH.OBJ
S:\MAYAWORKINGCOPY\277REPO\MINIMAYA\3DVIEWER\RELEASE\MOC_MY3DVIEWER.OBJ
S:\MAYAWORKINGCOPY\277REPO\MINIMAYA\3DVIEWER\RELEASE\MOC_MYGLWIDGET.OBJ
S:\mayaWorkingCopy\277repo\minimaya\3DViewer\Release\mt.command.1.tlog
S:\mayaWorkingCopy\277repo\minimaya\3DViewer\Release\mt.read.1.tlog
S:\mayaWorkingCopy\277repo\minimaya\3DViewer\Release\mt.write.1.tlog
S:\MAYAWORKINGCOPY\277REPO\MINIMAYA\3DVIEWER\RELEASE\MY3DVIEWER.OBJ
S:\MAYAWORKINGCOPY\277REPO\MINIMAYA\3DVIEWER\RELEASE\MYCAMERA.OBJ
S:\MAYAWORKINGCOPY\277REPO\MINIMAYA\3DVIEWER\RELEASE\MYGLWIDGET.OBJ
S:\MAYAWORKINGCOPY\277REPO\MINIMAYA\3DVIEWER\RELEASE\QRC_STARTERCODE.OBJ
S:\MAYAWORKINGCOPY\277REPO\MINIMAYA\3DVIEWER\RELEASE\VERTEX.OBJ
